<?xml version="1.0" encoding="UTF-8"?>
<!-- Generated by org.testng.reporters.JUnitReportReporter -->
<testsuite skipped="0" hostname="DELL-PC" name="testscript.ExecuteTest" tests="1" failures="0" timestamp="19 Sep 2018 14:39:29 GMT" time="41.254" errors="0">
  <testcase name="ExecuteTest_01" time="41.254" classname="testscript.ExecuteTest"/>
</testsuite> <!-- testscript.ExecuteTest -->
